<?xml version="1.0" encoding="UTF-8"?>
<testng-results skipped="27" failed="0" total="29" passed="2">
  <reporter-output>
  </reporter-output>
  <suite name="PortFolio Suite" duration-ms="71555" started-at="2022-03-04T13:17:20Z" finished-at="2022-03-04T13:18:32Z">
    <groups>
    </groups>
    <test name="Create Portfolio-Create New PortFolio-pos-It.1-Chrome" duration-ms="39858" started-at="2022-03-04T13:17:20Z" finished-at="2022-03-04T13:18:00Z">
      <class name="com.rediff.ddf.newtestcases.PortfolioManagement">
        <test-method status="PASS" signature="beforeTest(org.testng.ITestContext)[pri:0, instance:com.rediff.ddf.newtestcases.PortfolioManagement@649d209a]" name="beforeTest" is-config="true" duration-ms="29686" started-at="2022-03-04T08:17:20Z" finished-at="2022-03-04T08:17:50Z">
          <params>
            <param index="0">
              <value>
                <![CDATA[org.testng.TestRunner@6759f091]]>
              </value>
            </param>
          </params>
          <reporter-output>
          </reporter-output>
        </test-method> <!-- beforeTest -->
        <test-method status="PASS" signature="beforeMethod(org.testng.ITestContext)[pri:0, instance:com.rediff.ddf.newtestcases.PortfolioManagement@649d209a]" name="beforeMethod" is-config="true" duration-ms="0" started-at="2022-03-04T08:17:50Z" finished-at="2022-03-04T08:17:50Z">
          <params>
            <param index="0">
              <value>
                <![CDATA[org.testng.TestRunner@6759f091]]>
              </value>
            </param>
          </params>
          <reporter-output>
          </reporter-output>
        </test-method> <!-- beforeMethod -->
        <test-method status="PASS" signature="createPortfolio(org.testng.ITestContext)[pri:0, instance:com.rediff.ddf.newtestcases.PortfolioManagement@649d209a]" name="createPortfolio" duration-ms="8020" started-at="2022-03-04T08:17:50Z" finished-at="2022-03-04T08:17:58Z">
          <params>
            <param index="0">
              <value>
                <![CDATA[org.testng.TestRunner@6759f091]]>
              </value>
            </param>
          </params>
          <reporter-output>
          </reporter-output>
        </test-method> <!-- createPortfolio -->
        <test-method status="PASS" signature="quit(org.testng.ITestContext)[pri:0, instance:com.rediff.ddf.newtestcases.PortfolioManagement@649d209a]" name="quit" is-config="true" duration-ms="2122" started-at="2022-03-04T08:17:58Z" finished-at="2022-03-04T08:18:00Z">
          <params>
            <param index="0">
              <value>
                <![CDATA[org.testng.TestRunner@6759f091]]>
              </value>
            </param>
          </params>
          <reporter-output>
          </reporter-output>
        </test-method> <!-- quit -->
      </class> <!-- com.rediff.ddf.newtestcases.PortfolioManagement -->
    </test> <!-- Create Portfolio-Create New PortFolio-pos-It.1-Chrome -->
    <test name="Create Portfolio-Create New PortFolio-pos-It.2-Chrome" duration-ms="44" started-at="2022-03-04T13:18:00Z" finished-at="2022-03-04T13:18:00Z">
      <class name="com.rediff.ddf.newtestcases.PortfolioManagement">
        <test-method status="SKIP" signature="beforeTest(org.testng.ITestContext)[pri:0, instance:com.rediff.ddf.newtestcases.PortfolioManagement@7e0babb1]" name="beforeTest" is-config="true" duration-ms="0" started-at="2022-03-04T08:18:00Z" finished-at="2022-03-04T08:18:00Z">
          <params>
            <param index="0">
              <value>
                <![CDATA[org.testng.TestRunner@13cda7c9]]>
              </value>
            </param>
          </params>
          <exception class="org.testng.SkipException">
            <message>
              <![CDATA[Skipping as runmod is N]]>
            </message>
            <full-stacktrace>
              <![CDATA[org.testng.SkipException: Skipping as runmod is N
	at com.rediff.ddf.base.BaseTest.beforeTest(BaseTest.java:58)
	at sun.reflect.NativeMethodAccessorImpl.invoke0(Native Method)
	at sun.reflect.NativeMethodAccessorImpl.invoke(NativeMethodAccessorImpl.java:62)
	at sun.reflect.DelegatingMethodAccessorImpl.invoke(DelegatingMethodAccessorImpl.java:43)
	at java.lang.reflect.Method.invoke(Method.java:498)
	at org.testng.internal.MethodInvocationHelper.invokeMethod(MethodInvocationHelper.java:100)
	at org.testng.internal.Invoker.invokeConfigurationMethod(Invoker.java:515)
	at org.testng.internal.Invoker.invokeConfigurations(Invoker.java:216)
	at org.testng.internal.Invoker.invokeConfigurations(Invoker.java:143)
	at org.testng.TestRunner.beforeRun(TestRunner.java:631)
	at org.testng.TestRunner.run(TestRunner.java:599)
	at org.testng.SuiteRunner.runTest(SuiteRunner.java:368)
	at org.testng.SuiteRunner.runSequentially(SuiteRunner.java:363)
	at org.testng.SuiteRunner.privateRun(SuiteRunner.java:321)
	at org.testng.SuiteRunner.run(SuiteRunner.java:270)
	at org.testng.SuiteRunnerWorker.runSuite(SuiteRunnerWorker.java:52)
	at org.testng.SuiteRunnerWorker.run(SuiteRunnerWorker.java:86)
	at org.testng.TestNG.runSuitesSequentially(TestNG.java:1284)
	at org.testng.TestNG.runSuitesLocally(TestNG.java:1209)
	at org.testng.TestNG.runSuites(TestNG.java:1124)
	at org.testng.TestNG.run(TestNG.java:1096)
	at runner.TestNGRunner.run(TestNGRunner.java:73)
	at runner.JSONRunner.main(JSONRunner.java:101)
]]>
            </full-stacktrace>
          </exception> <!-- org.testng.SkipException -->
          <reporter-output>
          </reporter-output>
        </test-method> <!-- beforeTest -->
        <test-method status="PASS" signature="quit(org.testng.ITestContext)[pri:0, instance:com.rediff.ddf.newtestcases.PortfolioManagement@7e0babb1]" name="quit" is-config="true" duration-ms="41" started-at="2022-03-04T08:18:00Z" finished-at="2022-03-04T08:18:00Z">
          <params>
            <param index="0">
              <value>
                <![CDATA[org.testng.TestRunner@13cda7c9]]>
              </value>
            </param>
          </params>
          <reporter-output>
          </reporter-output>
        </test-method> <!-- quit -->
        <test-method status="SKIP" signature="createPortfolio(org.testng.ITestContext)[pri:0, instance:com.rediff.ddf.newtestcases.PortfolioManagement@7e0babb1]" name="createPortfolio" duration-ms="0" started-at="2022-03-04T08:18:00Z" finished-at="2022-03-04T08:18:00Z">
          <params>
            <param index="0">
              <value>
                <![CDATA[org.testng.TestRunner@13cda7c9]]>
              </value>
            </param>
          </params>
          <reporter-output>
          </reporter-output>
        </test-method> <!-- createPortfolio -->
        <test-method status="PASS" signature="beforeMethod(org.testng.ITestContext)[pri:0, instance:com.rediff.ddf.newtestcases.PortfolioManagement@7e0babb1]" name="beforeMethod" is-config="true" duration-ms="0" started-at="2022-03-04T08:18:00Z" finished-at="2022-03-04T08:18:00Z">
          <params>
            <param index="0">
              <value>
                <![CDATA[org.testng.TestRunner@13cda7c9]]>
              </value>
            </param>
          </params>
          <reporter-output>
          </reporter-output>
        </test-method> <!-- beforeMethod -->
      </class> <!-- com.rediff.ddf.newtestcases.PortfolioManagement -->
    </test> <!-- Create Portfolio-Create New PortFolio-pos-It.2-Chrome -->
    <test name="Delete Portfolio-Delete Existing PortFolio-It.1-Chrome" duration-ms="31490" started-at="2022-03-04T13:18:00Z" finished-at="2022-03-04T13:18:32Z">
      <class name="com.rediff.ddf.newtestcases.PortfolioManagement">
        <test-method status="PASS" signature="beforeTest(org.testng.ITestContext)[pri:0, instance:com.rediff.ddf.newtestcases.PortfolioManagement@75bd9247]" name="beforeTest" is-config="true" duration-ms="17763" started-at="2022-03-04T08:18:00Z" finished-at="2022-03-04T08:18:18Z">
          <params>
            <param index="0">
              <value>
                <![CDATA[org.testng.TestRunner@4d4960c8]]>
              </value>
            </param>
          </params>
          <reporter-output>
          </reporter-output>
        </test-method> <!-- beforeTest -->
        <test-method status="PASS" signature="deletePortfolio(org.testng.ITestContext)[pri:0, instance:com.rediff.ddf.newtestcases.PortfolioManagement@75bd9247]" name="deletePortfolio" duration-ms="12120" started-at="2022-03-04T08:18:18Z" finished-at="2022-03-04T08:18:30Z">
          <params>
            <param index="0">
              <value>
                <![CDATA[org.testng.TestRunner@4d4960c8]]>
              </value>
            </param>
          </params>
          <reporter-output>
          </reporter-output>
        </test-method> <!-- deletePortfolio -->
        <test-method status="PASS" signature="beforeMethod(org.testng.ITestContext)[pri:0, instance:com.rediff.ddf.newtestcases.PortfolioManagement@75bd9247]" name="beforeMethod" is-config="true" duration-ms="0" started-at="2022-03-04T08:18:18Z" finished-at="2022-03-04T08:18:18Z">
          <params>
            <param index="0">
              <value>
                <![CDATA[org.testng.TestRunner@4d4960c8]]>
              </value>
            </param>
          </params>
          <reporter-output>
          </reporter-output>
        </test-method> <!-- beforeMethod -->
        <test-method status="PASS" signature="quit(org.testng.ITestContext)[pri:0, instance:com.rediff.ddf.newtestcases.PortfolioManagement@75bd9247]" name="quit" is-config="true" duration-ms="1605" started-at="2022-03-04T08:18:30Z" finished-at="2022-03-04T08:18:32Z">
          <params>
            <param index="0">
              <value>
                <![CDATA[org.testng.TestRunner@4d4960c8]]>
              </value>
            </param>
          </params>
          <reporter-output>
          </reporter-output>
        </test-method> <!-- quit -->
      </class> <!-- com.rediff.ddf.newtestcases.PortfolioManagement -->
    </test> <!-- Delete Portfolio-Delete Existing PortFolio-It.1-Chrome -->
    <test name="Delete Portfolio-Delete Existing PortFolio-It.2-Chrome" duration-ms="88" started-at="2022-03-04T13:18:32Z" finished-at="2022-03-04T13:18:32Z">
      <class name="com.rediff.ddf.newtestcases.PortfolioManagement">
        <test-method status="SKIP" signature="beforeTest(org.testng.ITestContext)[pri:0, instance:com.rediff.ddf.newtestcases.PortfolioManagement@3cb5cdba]" name="beforeTest" is-config="true" duration-ms="0" started-at="2022-03-04T08:18:32Z" finished-at="2022-03-04T08:18:32Z">
          <params>
            <param index="0">
              <value>
                <![CDATA[org.testng.TestRunner@27f1bbe0]]>
              </value>
            </param>
          </params>
          <exception class="org.testng.SkipException">
            <message>
              <![CDATA[Skipping as runmod is N]]>
            </message>
            <full-stacktrace>
              <![CDATA[org.testng.SkipException: Skipping as runmod is N
	at com.rediff.ddf.base.BaseTest.beforeTest(BaseTest.java:58)
	at sun.reflect.NativeMethodAccessorImpl.invoke0(Native Method)
	at sun.reflect.NativeMethodAccessorImpl.invoke(NativeMethodAccessorImpl.java:62)
	at sun.reflect.DelegatingMethodAccessorImpl.invoke(DelegatingMethodAccessorImpl.java:43)
	at java.lang.reflect.Method.invoke(Method.java:498)
	at org.testng.internal.MethodInvocationHelper.invokeMethod(MethodInvocationHelper.java:100)
	at org.testng.internal.Invoker.invokeConfigurationMethod(Invoker.java:515)
	at org.testng.internal.Invoker.invokeConfigurations(Invoker.java:216)
	at org.testng.internal.Invoker.invokeConfigurations(Invoker.java:143)
	at org.testng.TestRunner.beforeRun(TestRunner.java:631)
	at org.testng.TestRunner.run(TestRunner.java:599)
	at org.testng.SuiteRunner.runTest(SuiteRunner.java:368)
	at org.testng.SuiteRunner.runSequentially(SuiteRunner.java:363)
	at org.testng.SuiteRunner.privateRun(SuiteRunner.java:321)
	at org.testng.SuiteRunner.run(SuiteRunner.java:270)
	at org.testng.SuiteRunnerWorker.runSuite(SuiteRunnerWorker.java:52)
	at org.testng.SuiteRunnerWorker.run(SuiteRunnerWorker.java:86)
	at org.testng.TestNG.runSuitesSequentially(TestNG.java:1284)
	at org.testng.TestNG.runSuitesLocally(TestNG.java:1209)
	at org.testng.TestNG.runSuites(TestNG.java:1124)
	at org.testng.TestNG.run(TestNG.java:1096)
	at runner.TestNGRunner.run(TestNGRunner.java:73)
	at runner.JSONRunner.main(JSONRunner.java:101)
]]>
            </full-stacktrace>
          </exception> <!-- org.testng.SkipException -->
          <reporter-output>
          </reporter-output>
        </test-method> <!-- beforeTest -->
        <test-method status="PASS" signature="beforeMethod(org.testng.ITestContext)[pri:0, instance:com.rediff.ddf.newtestcases.PortfolioManagement@3cb5cdba]" name="beforeMethod" is-config="true" duration-ms="0" started-at="2022-03-04T08:18:32Z" finished-at="2022-03-04T08:18:32Z">
          <params>
            <param index="0">
              <value>
                <![CDATA[org.testng.TestRunner@27f1bbe0]]>
              </value>
            </param>
          </params>
          <reporter-output>
          </reporter-output>
        </test-method> <!-- beforeMethod -->
        <test-method status="SKIP" signature="deletePortfolio(org.testng.ITestContext)[pri:0, instance:com.rediff.ddf.newtestcases.PortfolioManagement@3cb5cdba]" name="deletePortfolio" duration-ms="0" started-at="2022-03-04T08:18:32Z" finished-at="2022-03-04T08:18:32Z">
          <params>
            <param index="0">
              <value>
                <![CDATA[org.testng.TestRunner@27f1bbe0]]>
              </value>
            </param>
          </params>
          <reporter-output>
          </reporter-output>
        </test-method> <!-- deletePortfolio -->
        <test-method status="PASS" signature="quit(org.testng.ITestContext)[pri:0, instance:com.rediff.ddf.newtestcases.PortfolioManagement@3cb5cdba]" name="quit" is-config="true" duration-ms="86" started-at="2022-03-04T08:18:32Z" finished-at="2022-03-04T08:18:32Z">
          <params>
            <param index="0">
              <value>
                <![CDATA[org.testng.TestRunner@27f1bbe0]]>
              </value>
            </param>
          </params>
          <reporter-output>
          </reporter-output>
        </test-method> <!-- quit -->
      </class> <!-- com.rediff.ddf.newtestcases.PortfolioManagement -->
    </test> <!-- Delete Portfolio-Delete Existing PortFolio-It.2-Chrome -->
  </suite> <!-- PortFolio Suite -->
  <suite name="Stock Suite" duration-ms="60492" started-at="2022-03-04T13:18:32Z" finished-at="2022-03-04T13:19:32Z">
    <groups>
    </groups>
    <test name="Add New Stock-New Stock-It.1-Chrome" duration-ms="10688" started-at="2022-03-04T13:18:32Z" finished-at="2022-03-04T13:18:42Z">
      <class name="com.rediff.ddf.newtestcases.StockManagement">
        <test-method status="SKIP" signature="addNewStock(org.testng.ITestContext)[pri:0, instance:com.rediff.ddf.newtestcases.StockManagement@1cd072a9]" name="addNewStock" duration-ms="0" started-at="2022-03-04T08:18:40Z" finished-at="2022-03-04T08:18:40Z">
          <params>
            <param index="0">
              <value>
                <![CDATA[org.testng.TestRunner@49aa766b]]>
              </value>
            </param>
          </params>
          <reporter-output>
          </reporter-output>
        </test-method> <!-- addNewStock -->
        <test-method status="PASS" signature="beforeMethod(org.testng.ITestContext)[pri:0, instance:com.rediff.ddf.newtestcases.StockManagement@1cd072a9]" name="beforeMethod" is-config="true" duration-ms="0" started-at="2022-03-04T08:18:40Z" finished-at="2022-03-04T08:18:40Z">
          <params>
            <param index="0">
              <value>
                <![CDATA[org.testng.TestRunner@49aa766b]]>
              </value>
            </param>
          </params>
          <reporter-output>
          </reporter-output>
        </test-method> <!-- beforeMethod -->
        <test-method status="SKIP" signature="verifyStockPresent(org.testng.ITestContext)[pri:0, instance:com.rediff.ddf.newtestcases.StockManagement@1cd072a9]" name="verifyStockPresent" duration-ms="0" started-at="2022-03-04T08:18:40Z" finished-at="2022-03-04T08:18:40Z">
          <params>
            <param index="0">
              <value>
                <![CDATA[org.testng.TestRunner@49aa766b]]>
              </value>
            </param>
          </params>
          <reporter-output>
          </reporter-output>
        </test-method> <!-- verifyStockPresent -->
        <test-method status="PASS" signature="beforeMethod(org.testng.ITestContext)[pri:0, instance:com.rediff.ddf.newtestcases.StockManagement@1cd072a9]" name="beforeMethod" is-config="true" duration-ms="0" started-at="2022-03-04T08:18:40Z" finished-at="2022-03-04T08:18:40Z">
          <params>
            <param index="0">
              <value>
                <![CDATA[org.testng.TestRunner@49aa766b]]>
              </value>
            </param>
          </params>
          <reporter-output>
          </reporter-output>
        </test-method> <!-- beforeMethod -->
        <test-method status="SKIP" signature="verifyStockQuantity(java.lang.String, org.testng.ITestContext)[pri:0, instance:com.rediff.ddf.newtestcases.StockManagement@1cd072a9]" name="verifyStockQuantity" duration-ms="0" started-at="2022-03-04T08:18:40Z" finished-at="2022-03-04T08:18:40Z">
          <params>
            <param index="0">
              <value>
                <![CDATA[addstock]]>
              </value>
            </param>
            <param index="1">
              <value>
                <![CDATA[org.testng.TestRunner@49aa766b]]>
              </value>
            </param>
          </params>
          <reporter-output>
          </reporter-output>
        </test-method> <!-- verifyStockQuantity -->
        <test-method status="PASS" signature="beforeMethod(org.testng.ITestContext)[pri:0, instance:com.rediff.ddf.newtestcases.StockManagement@1cd072a9]" name="beforeMethod" is-config="true" duration-ms="0" started-at="2022-03-04T08:18:40Z" finished-at="2022-03-04T08:18:40Z">
          <params>
            <param index="0">
              <value>
                <![CDATA[org.testng.TestRunner@49aa766b]]>
              </value>
            </param>
          </params>
          <reporter-output>
          </reporter-output>
        </test-method> <!-- beforeMethod -->
        <test-method status="PASS" signature="beforeMethod(org.testng.ITestContext)[pri:0, instance:com.rediff.ddf.newtestcases.StockManagement@1cd072a9]" name="beforeMethod" is-config="true" duration-ms="0" started-at="2022-03-04T08:18:40Z" finished-at="2022-03-04T08:18:40Z">
          <params>
            <param index="0">
              <value>
                <![CDATA[org.testng.TestRunner@49aa766b]]>
              </value>
            </param>
          </params>
          <reporter-output>
          </reporter-output>
        </test-method> <!-- beforeMethod -->
        <test-method status="SKIP" signature="verifyTransactionHistory(java.lang.String, org.testng.ITestContext)[pri:0, instance:com.rediff.ddf.newtestcases.StockManagement@1cd072a9]" name="verifyTransactionHistory" duration-ms="0" started-at="2022-03-04T08:18:40Z" finished-at="2022-03-04T08:18:40Z">
          <params>
            <param index="0">
              <value>
                <![CDATA[addstock]]>
              </value>
            </param>
            <param index="1">
              <value>
                <![CDATA[org.testng.TestRunner@49aa766b]]>
              </value>
            </param>
          </params>
          <reporter-output>
          </reporter-output>
        </test-method> <!-- verifyTransactionHistory -->
      </class> <!-- com.rediff.ddf.newtestcases.StockManagement -->
      <class name="com.rediff.ddf.newtestcases.PortfolioManagement">
        <test-method status="FAIL" signature="beforeTest(org.testng.ITestContext)[pri:0, instance:com.rediff.ddf.newtestcases.PortfolioManagement@e580929]" name="beforeTest" is-config="true" duration-ms="0" started-at="2022-03-04T08:18:32Z" finished-at="2022-03-04T08:18:32Z">
          <params>
            <param index="0">
              <value>
                <![CDATA[org.testng.TestRunner@49aa766b]]>
              </value>
            </param>
          </params>
          <exception class="org.openqa.selenium.WebDriverException">
            <message>
              <![CDATA[unknown error: cannot determine loading status
from disconnected: received Inspector.detached event
  (Session info: chrome=98.0.4758.102)
Build info: version: '4.0.0-alpha-7', revision: 'de8579b6d5'
System info: host: 'DESKTOP-TKK5GPG', ip: '192.168.99.1', os.name: 'Windows 10', os.arch: 'amd64', os.version: '10.0', java.version: '1.8.0_101'
Driver info: org.openqa.selenium.chrome.ChromeDriver
Capabilities {acceptInsecureCerts: false, browserName: chrome, browserVersion: 98.0.4758.102, chrome: {chromedriverVersion: 98.0.4758.102 (273bf7ac8c90..., userDataDir: C:\Users\HARSIM~1\AppData\L...}, goog:chromeOptions: {debuggerAddress: localhost:64166}, javascriptEnabled: true, networkConnectionEnabled: false, pageLoadStrategy: normal, platform: WINDOWS, platformName: WINDOWS, proxy: Proxy(), setWindowRect: true, strictFileInteractability: false, timeouts: {implicit: 0, pageLoad: 300000, script: 30000}, unhandledPromptBehavior: dismiss and notify, webauthn:extension:credBlob: true, webauthn:extension:largeBlob: true, webauthn:virtualAuthenticators: true}
Session ID: 635c029f83a75410635efe3505d35713]]>
            </message>
            <full-stacktrace>
              <![CDATA[org.openqa.selenium.WebDriverException: unknown error: cannot determine loading status
from disconnected: received Inspector.detached event
  (Session info: chrome=98.0.4758.102)
Build info: version: '4.0.0-alpha-7', revision: 'de8579b6d5'
System info: host: 'DESKTOP-TKK5GPG', ip: '192.168.99.1', os.name: 'Windows 10', os.arch: 'amd64', os.version: '10.0', java.version: '1.8.0_101'
Driver info: org.openqa.selenium.chrome.ChromeDriver
Capabilities {acceptInsecureCerts: false, browserName: chrome, browserVersion: 98.0.4758.102, chrome: {chromedriverVersion: 98.0.4758.102 (273bf7ac8c90..., userDataDir: C:\Users\HARSIM~1\AppData\L...}, goog:chromeOptions: {debuggerAddress: localhost:64166}, javascriptEnabled: true, networkConnectionEnabled: false, pageLoadStrategy: normal, platform: WINDOWS, platformName: WINDOWS, proxy: Proxy(), setWindowRect: true, strictFileInteractability: false, timeouts: {implicit: 0, pageLoad: 300000, script: 30000}, unhandledPromptBehavior: dismiss and notify, webauthn:extension:credBlob: true, webauthn:extension:largeBlob: true, webauthn:virtualAuthenticators: true}
Session ID: 635c029f83a75410635efe3505d35713
	at sun.reflect.NativeConstructorAccessorImpl.newInstance0(Native Method)
	at sun.reflect.NativeConstructorAccessorImpl.newInstance(NativeConstructorAccessorImpl.java:62)
	at sun.reflect.DelegatingConstructorAccessorImpl.newInstance(DelegatingConstructorAccessorImpl.java:45)
	at java.lang.reflect.Constructor.newInstance(Constructor.java:423)
	at org.openqa.selenium.remote.codec.w3c.W3CHttpResponseCodec.createException(W3CHttpResponseCodec.java:196)
	at org.openqa.selenium.remote.codec.w3c.W3CHttpResponseCodec.decode(W3CHttpResponseCodec.java:129)
	at org.openqa.selenium.remote.codec.w3c.W3CHttpResponseCodec.decode(W3CHttpResponseCodec.java:53)
	at org.openqa.selenium.remote.HttpCommandExecutor.execute(HttpCommandExecutor.java:167)
	at org.openqa.selenium.remote.service.DriverCommandExecutor.execute(DriverCommandExecutor.java:123)
	at org.openqa.selenium.remote.RemoteWebDriver.execute(RemoteWebDriver.java:501)
	at org.openqa.selenium.remote.RemoteWebDriver.get(RemoteWebDriver.java:273)
	at com.rediff.ddf.base.GenericKeywords.navigate(GenericKeywords.java:106)
	at com.rediff.ddf.base.ApplicationKeywords.defaultLogin(ApplicationKeywords.java:39)
	at com.rediff.ddf.base.BaseTest.beforeTest(BaseTest.java:65)
	at sun.reflect.NativeMethodAccessorImpl.invoke0(Native Method)
	at sun.reflect.NativeMethodAccessorImpl.invoke(NativeMethodAccessorImpl.java:62)
	at sun.reflect.DelegatingMethodAccessorImpl.invoke(DelegatingMethodAccessorImpl.java:43)
	at java.lang.reflect.Method.invoke(Method.java:498)
	at org.testng.internal.MethodInvocationHelper.invokeMethod(MethodInvocationHelper.java:100)
	at org.testng.internal.Invoker.invokeConfigurationMethod(Invoker.java:515)
	at org.testng.internal.Invoker.invokeConfigurations(Invoker.java:216)
	at org.testng.internal.Invoker.invokeConfigurations(Invoker.java:143)
	at org.testng.TestRunner.beforeRun(TestRunner.java:631)
	at org.testng.TestRunner.run(TestRunner.java:599)
	at org.testng.SuiteRunner.runTest(SuiteRunner.java:368)
	at org.testng.SuiteRunner.runSequentially(SuiteRunner.java:363)
	at org.testng.SuiteRunner.privateRun(SuiteRunner.java:321)
	at org.testng.SuiteRunner.run(SuiteRunner.java:270)
	at org.testng.SuiteRunnerWorker.runSuite(SuiteRunnerWorker.java:52)
	at org.testng.SuiteRunnerWorker.run(SuiteRunnerWorker.java:86)
	at org.testng.TestNG.runSuitesSequentially(TestNG.java:1284)
	at org.testng.TestNG.runSuitesLocally(TestNG.java:1209)
	at org.testng.TestNG.runSuites(TestNG.java:1124)
	at org.testng.TestNG.run(TestNG.java:1096)
	at runner.TestNGRunner.run(TestNGRunner.java:73)
	at runner.JSONRunner.main(JSONRunner.java:101)
]]>
            </full-stacktrace>
          </exception> <!-- org.openqa.selenium.WebDriverException -->
          <reporter-output>
          </reporter-output>
        </test-method> <!-- beforeTest -->
        <test-method status="SKIP" signature="selectPortfolio(org.testng.ITestContext)[pri:0, instance:com.rediff.ddf.newtestcases.PortfolioManagement@e580929]" name="selectPortfolio" duration-ms="0" started-at="2022-03-04T08:18:40Z" finished-at="2022-03-04T08:18:40Z">
          <params>
            <param index="0">
              <value>
                <![CDATA[org.testng.TestRunner@49aa766b]]>
              </value>
            </param>
          </params>
          <reporter-output>
          </reporter-output>
        </test-method> <!-- selectPortfolio -->
        <test-method status="PASS" signature="beforeMethod(org.testng.ITestContext)[pri:0, instance:com.rediff.ddf.newtestcases.PortfolioManagement@e580929]" name="beforeMethod" is-config="true" duration-ms="0" started-at="2022-03-04T08:18:40Z" finished-at="2022-03-04T08:18:40Z">
          <params>
            <param index="0">
              <value>
                <![CDATA[org.testng.TestRunner@49aa766b]]>
              </value>
            </param>
          </params>
          <reporter-output>
          </reporter-output>
        </test-method> <!-- beforeMethod -->
        <test-method status="PASS" signature="quit(org.testng.ITestContext)[pri:0, instance:com.rediff.ddf.newtestcases.PortfolioManagement@e580929]" name="quit" is-config="true" duration-ms="2373" started-at="2022-03-04T08:18:40Z" finished-at="2022-03-04T08:18:42Z">
          <params>
            <param index="0">
              <value>
                <![CDATA[org.testng.TestRunner@49aa766b]]>
              </value>
            </param>
          </params>
          <reporter-output>
          </reporter-output>
        </test-method> <!-- quit -->
      </class> <!-- com.rediff.ddf.newtestcases.PortfolioManagement -->
    </test> <!-- Add New Stock-New Stock-It.1-Chrome -->
    <test name="Add New Stock-New Stock-It.2-Chrome" duration-ms="97" started-at="2022-03-04T13:18:42Z" finished-at="2022-03-04T13:18:42Z">
      <class name="com.rediff.ddf.newtestcases.StockManagement">
        <test-method status="PASS" signature="beforeMethod(org.testng.ITestContext)[pri:0, instance:com.rediff.ddf.newtestcases.StockManagement@49e4cb85]" name="beforeMethod" is-config="true" duration-ms="1" started-at="2022-03-04T08:18:42Z" finished-at="2022-03-04T08:18:42Z">
          <params>
            <param index="0">
              <value>
                <![CDATA[org.testng.TestRunner@1cbb3d3b]]>
              </value>
            </param>
          </params>
          <reporter-output>
          </reporter-output>
        </test-method> <!-- beforeMethod -->
        <test-method status="SKIP" signature="addNewStock(org.testng.ITestContext)[pri:0, instance:com.rediff.ddf.newtestcases.StockManagement@49e4cb85]" name="addNewStock" duration-ms="0" started-at="2022-03-04T08:18:42Z" finished-at="2022-03-04T08:18:42Z">
          <params>
            <param index="0">
              <value>
                <![CDATA[org.testng.TestRunner@1cbb3d3b]]>
              </value>
            </param>
          </params>
          <reporter-output>
          </reporter-output>
        </test-method> <!-- addNewStock -->
        <test-method status="PASS" signature="beforeMethod(org.testng.ITestContext)[pri:0, instance:com.rediff.ddf.newtestcases.StockManagement@49e4cb85]" name="beforeMethod" is-config="true" duration-ms="0" started-at="2022-03-04T08:18:42Z" finished-at="2022-03-04T08:18:42Z">
          <params>
            <param index="0">
              <value>
                <![CDATA[org.testng.TestRunner@1cbb3d3b]]>
              </value>
            </param>
          </params>
          <reporter-output>
          </reporter-output>
        </test-method> <!-- beforeMethod -->
        <test-method status="SKIP" signature="verifyStockPresent(org.testng.ITestContext)[pri:0, instance:com.rediff.ddf.newtestcases.StockManagement@49e4cb85]" name="verifyStockPresent" duration-ms="0" started-at="2022-03-04T08:18:42Z" finished-at="2022-03-04T08:18:42Z">
          <params>
            <param index="0">
              <value>
                <![CDATA[org.testng.TestRunner@1cbb3d3b]]>
              </value>
            </param>
          </params>
          <reporter-output>
          </reporter-output>
        </test-method> <!-- verifyStockPresent -->
        <test-method status="PASS" signature="beforeMethod(org.testng.ITestContext)[pri:0, instance:com.rediff.ddf.newtestcases.StockManagement@49e4cb85]" name="beforeMethod" is-config="true" duration-ms="1" started-at="2022-03-04T08:18:42Z" finished-at="2022-03-04T08:18:42Z">
          <params>
            <param index="0">
              <value>
                <![CDATA[org.testng.TestRunner@1cbb3d3b]]>
              </value>
            </param>
          </params>
          <reporter-output>
          </reporter-output>
        </test-method> <!-- beforeMethod -->
        <test-method status="SKIP" signature="verifyStockQuantity(java.lang.String, org.testng.ITestContext)[pri:0, instance:com.rediff.ddf.newtestcases.StockManagement@49e4cb85]" name="verifyStockQuantity" duration-ms="0" started-at="2022-03-04T08:18:42Z" finished-at="2022-03-04T08:18:42Z">
          <params>
            <param index="0">
              <value>
                <![CDATA[addstock]]>
              </value>
            </param>
            <param index="1">
              <value>
                <![CDATA[org.testng.TestRunner@1cbb3d3b]]>
              </value>
            </param>
          </params>
          <reporter-output>
          </reporter-output>
        </test-method> <!-- verifyStockQuantity -->
        <test-method status="SKIP" signature="verifyTransactionHistory(java.lang.String, org.testng.ITestContext)[pri:0, instance:com.rediff.ddf.newtestcases.StockManagement@49e4cb85]" name="verifyTransactionHistory" duration-ms="1" started-at="2022-03-04T08:18:42Z" finished-at="2022-03-04T08:18:42Z">
          <params>
            <param index="0">
              <value>
                <![CDATA[addstock]]>
              </value>
            </param>
            <param index="1">
              <value>
                <![CDATA[org.testng.TestRunner@1cbb3d3b]]>
              </value>
            </param>
          </params>
          <reporter-output>
          </reporter-output>
        </test-method> <!-- verifyTransactionHistory -->
        <test-method status="PASS" signature="beforeMethod(org.testng.ITestContext)[pri:0, instance:com.rediff.ddf.newtestcases.StockManagement@49e4cb85]" name="beforeMethod" is-config="true" duration-ms="0" started-at="2022-03-04T08:18:42Z" finished-at="2022-03-04T08:18:42Z">
          <params>
            <param index="0">
              <value>
                <![CDATA[org.testng.TestRunner@1cbb3d3b]]>
              </value>
            </param>
          </params>
          <reporter-output>
          </reporter-output>
        </test-method> <!-- beforeMethod -->
      </class> <!-- com.rediff.ddf.newtestcases.StockManagement -->
      <class name="com.rediff.ddf.newtestcases.PortfolioManagement">
        <test-method status="SKIP" signature="beforeTest(org.testng.ITestContext)[pri:0, instance:com.rediff.ddf.newtestcases.PortfolioManagement@7c30a502]" name="beforeTest" is-config="true" duration-ms="0" started-at="2022-03-04T08:18:42Z" finished-at="2022-03-04T08:18:42Z">
          <params>
            <param index="0">
              <value>
                <![CDATA[org.testng.TestRunner@1cbb3d3b]]>
              </value>
            </param>
          </params>
          <exception class="org.testng.SkipException">
            <message>
              <![CDATA[Skipping as runmod is N]]>
            </message>
            <full-stacktrace>
              <![CDATA[org.testng.SkipException: Skipping as runmod is N
	at com.rediff.ddf.base.BaseTest.beforeTest(BaseTest.java:58)
	at sun.reflect.NativeMethodAccessorImpl.invoke0(Native Method)
	at sun.reflect.NativeMethodAccessorImpl.invoke(NativeMethodAccessorImpl.java:62)
	at sun.reflect.DelegatingMethodAccessorImpl.invoke(DelegatingMethodAccessorImpl.java:43)
	at java.lang.reflect.Method.invoke(Method.java:498)
	at org.testng.internal.MethodInvocationHelper.invokeMethod(MethodInvocationHelper.java:100)
	at org.testng.internal.Invoker.invokeConfigurationMethod(Invoker.java:515)
	at org.testng.internal.Invoker.invokeConfigurations(Invoker.java:216)
	at org.testng.internal.Invoker.invokeConfigurations(Invoker.java:143)
	at org.testng.TestRunner.beforeRun(TestRunner.java:631)
	at org.testng.TestRunner.run(TestRunner.java:599)
	at org.testng.SuiteRunner.runTest(SuiteRunner.java:368)
	at org.testng.SuiteRunner.runSequentially(SuiteRunner.java:363)
	at org.testng.SuiteRunner.privateRun(SuiteRunner.java:321)
	at org.testng.SuiteRunner.run(SuiteRunner.java:270)
	at org.testng.SuiteRunnerWorker.runSuite(SuiteRunnerWorker.java:52)
	at org.testng.SuiteRunnerWorker.run(SuiteRunnerWorker.java:86)
	at org.testng.TestNG.runSuitesSequentially(TestNG.java:1284)
	at org.testng.TestNG.runSuitesLocally(TestNG.java:1209)
	at org.testng.TestNG.runSuites(TestNG.java:1124)
	at org.testng.TestNG.run(TestNG.java:1096)
	at runner.TestNGRunner.run(TestNGRunner.java:73)
	at runner.JSONRunner.main(JSONRunner.java:101)
]]>
            </full-stacktrace>
          </exception> <!-- org.testng.SkipException -->
          <reporter-output>
          </reporter-output>
        </test-method> <!-- beforeTest -->
        <test-method status="PASS" signature="beforeMethod(org.testng.ITestContext)[pri:0, instance:com.rediff.ddf.newtestcases.PortfolioManagement@7c30a502]" name="beforeMethod" is-config="true" duration-ms="0" started-at="2022-03-04T08:18:42Z" finished-at="2022-03-04T08:18:42Z">
          <params>
            <param index="0">
              <value>
                <![CDATA[org.testng.TestRunner@1cbb3d3b]]>
              </value>
            </param>
          </params>
          <reporter-output>
          </reporter-output>
        </test-method> <!-- beforeMethod -->
        <test-method status="SKIP" signature="selectPortfolio(org.testng.ITestContext)[pri:0, instance:com.rediff.ddf.newtestcases.PortfolioManagement@7c30a502]" name="selectPortfolio" duration-ms="0" started-at="2022-03-04T08:18:42Z" finished-at="2022-03-04T08:18:42Z">
          <params>
            <param index="0">
              <value>
                <![CDATA[org.testng.TestRunner@1cbb3d3b]]>
              </value>
            </param>
          </params>
          <reporter-output>
          </reporter-output>
        </test-method> <!-- selectPortfolio -->
        <test-method status="PASS" signature="quit(org.testng.ITestContext)[pri:0, instance:com.rediff.ddf.newtestcases.PortfolioManagement@7c30a502]" name="quit" is-config="true" duration-ms="84" started-at="2022-03-04T08:18:42Z" finished-at="2022-03-04T08:18:42Z">
          <params>
            <param index="0">
              <value>
                <![CDATA[org.testng.TestRunner@1cbb3d3b]]>
              </value>
            </param>
          </params>
          <reporter-output>
          </reporter-output>
        </test-method> <!-- quit -->
      </class> <!-- com.rediff.ddf.newtestcases.PortfolioManagement -->
    </test> <!-- Add New Stock-New Stock-It.2-Chrome -->
    <test name="Modify Stock-Sell Existing Stock-It.1-Chrome" duration-ms="40856" started-at="2022-03-04T13:18:43Z" finished-at="2022-03-04T13:19:23Z">
      <class name="com.rediff.ddf.newtestcases.StockManagement">
        <test-method status="PASS" signature="beforeMethod(org.testng.ITestContext)[pri:0, instance:com.rediff.ddf.newtestcases.StockManagement@1e643faf]" name="beforeMethod" is-config="true" duration-ms="0" started-at="2022-03-04T08:19:23Z" finished-at="2022-03-04T08:19:23Z">
          <params>
            <param index="0">
              <value>
                <![CDATA[org.testng.TestRunner@2715644a]]>
              </value>
            </param>
          </params>
          <reporter-output>
          </reporter-output>
        </test-method> <!-- beforeMethod -->
        <test-method status="SKIP" signature="verifyStockPresent(org.testng.ITestContext)[pri:0, instance:com.rediff.ddf.newtestcases.StockManagement@1e643faf]" name="verifyStockPresent" duration-ms="0" started-at="2022-03-04T08:19:23Z" finished-at="2022-03-04T08:19:23Z">
          <params>
            <param index="0">
              <value>
                <![CDATA[org.testng.TestRunner@2715644a]]>
              </value>
            </param>
          </params>
          <reporter-output>
          </reporter-output>
        </test-method> <!-- verifyStockPresent -->
        <test-method status="PASS" signature="beforeMethod(org.testng.ITestContext)[pri:0, instance:com.rediff.ddf.newtestcases.StockManagement@1e643faf]" name="beforeMethod" is-config="true" duration-ms="1" started-at="2022-03-04T08:19:23Z" finished-at="2022-03-04T08:19:23Z">
          <params>
            <param index="0">
              <value>
                <![CDATA[org.testng.TestRunner@2715644a]]>
              </value>
            </param>
          </params>
          <reporter-output>
          </reporter-output>
        </test-method> <!-- beforeMethod -->
        <test-method status="SKIP" signature="modifyStock(java.lang.String, org.testng.ITestContext)[pri:0, instance:com.rediff.ddf.newtestcases.StockManagement@1e643faf]" name="modifyStock" duration-ms="0" started-at="2022-03-04T08:19:23Z" finished-at="2022-03-04T08:19:23Z">
          <params>
            <param index="0">
              <value>
                <![CDATA[sellstock]]>
              </value>
            </param>
            <param index="1">
              <value>
                <![CDATA[org.testng.TestRunner@2715644a]]>
              </value>
            </param>
          </params>
          <reporter-output>
          </reporter-output>
        </test-method> <!-- modifyStock -->
        <test-method status="PASS" signature="beforeMethod(org.testng.ITestContext)[pri:0, instance:com.rediff.ddf.newtestcases.StockManagement@1e643faf]" name="beforeMethod" is-config="true" duration-ms="0" started-at="2022-03-04T08:19:23Z" finished-at="2022-03-04T08:19:23Z">
          <params>
            <param index="0">
              <value>
                <![CDATA[org.testng.TestRunner@2715644a]]>
              </value>
            </param>
          </params>
          <reporter-output>
          </reporter-output>
        </test-method> <!-- beforeMethod -->
        <test-method status="SKIP" signature="verifyStockQuantity(java.lang.String, org.testng.ITestContext)[pri:0, instance:com.rediff.ddf.newtestcases.StockManagement@1e643faf]" name="verifyStockQuantity" duration-ms="0" started-at="2022-03-04T08:19:23Z" finished-at="2022-03-04T08:19:23Z">
          <params>
            <param index="0">
              <value>
                <![CDATA[sellstock]]>
              </value>
            </param>
            <param index="1">
              <value>
                <![CDATA[org.testng.TestRunner@2715644a]]>
              </value>
            </param>
          </params>
          <reporter-output>
          </reporter-output>
        </test-method> <!-- verifyStockQuantity -->
        <test-method status="SKIP" signature="verifyTransactionHistory(java.lang.String, org.testng.ITestContext)[pri:0, instance:com.rediff.ddf.newtestcases.StockManagement@1e643faf]" name="verifyTransactionHistory" duration-ms="0" started-at="2022-03-04T08:19:23Z" finished-at="2022-03-04T08:19:23Z">
          <params>
            <param index="0">
              <value>
                <![CDATA[sellstock]]>
              </value>
            </param>
            <param index="1">
              <value>
                <![CDATA[org.testng.TestRunner@2715644a]]>
              </value>
            </param>
          </params>
          <reporter-output>
          </reporter-output>
        </test-method> <!-- verifyTransactionHistory -->
        <test-method status="PASS" signature="beforeMethod(org.testng.ITestContext)[pri:0, instance:com.rediff.ddf.newtestcases.StockManagement@1e643faf]" name="beforeMethod" is-config="true" duration-ms="0" started-at="2022-03-04T08:19:23Z" finished-at="2022-03-04T08:19:23Z">
          <params>
            <param index="0">
              <value>
                <![CDATA[org.testng.TestRunner@2715644a]]>
              </value>
            </param>
          </params>
          <reporter-output>
          </reporter-output>
        </test-method> <!-- beforeMethod -->
      </class> <!-- com.rediff.ddf.newtestcases.StockManagement -->
      <class name="com.rediff.ddf.newtestcases.PortfolioManagement">
        <test-method status="FAIL" signature="beforeTest(org.testng.ITestContext)[pri:0, instance:com.rediff.ddf.newtestcases.PortfolioManagement@3b6eb2ec]" name="beforeTest" is-config="true" duration-ms="0" started-at="2022-03-04T08:18:43Z" finished-at="2022-03-04T08:18:43Z">
          <params>
            <param index="0">
              <value>
                <![CDATA[org.testng.TestRunner@2715644a]]>
              </value>
            </param>
          </params>
          <exception class="org.openqa.selenium.WebDriverException">
            <message>
              <![CDATA[chrome not reachable
  (Session info: chrome=98.0.4758.102)
Build info: version: '4.0.0-alpha-7', revision: 'de8579b6d5'
System info: host: 'DESKTOP-TKK5GPG', ip: '192.168.99.1', os.name: 'Windows 10', os.arch: 'amd64', os.version: '10.0', java.version: '1.8.0_101'
Driver info: org.openqa.selenium.chrome.ChromeDriver
Capabilities {acceptInsecureCerts: false, browserName: chrome, browserVersion: 98.0.4758.102, chrome: {chromedriverVersion: 98.0.4758.102 (273bf7ac8c90..., userDataDir: C:\Users\HARSIM~1\AppData\L...}, goog:chromeOptions: {debuggerAddress: localhost:64192}, javascriptEnabled: true, networkConnectionEnabled: false, pageLoadStrategy: normal, platform: WINDOWS, platformName: WINDOWS, proxy: Proxy(), setWindowRect: true, strictFileInteractability: false, timeouts: {implicit: 0, pageLoad: 300000, script: 30000}, unhandledPromptBehavior: dismiss and notify, webauthn:extension:credBlob: true, webauthn:extension:largeBlob: true, webauthn:virtualAuthenticators: true}
Session ID: d67523cb95e240ee52c92448e3f39d12
*** Element info: {Using=css selector, value=#useremail}]]>
            </message>
            <full-stacktrace>
              <![CDATA[org.openqa.selenium.WebDriverException: chrome not reachable
  (Session info: chrome=98.0.4758.102)
Build info: version: '4.0.0-alpha-7', revision: 'de8579b6d5'
System info: host: 'DESKTOP-TKK5GPG', ip: '192.168.99.1', os.name: 'Windows 10', os.arch: 'amd64', os.version: '10.0', java.version: '1.8.0_101'
Driver info: org.openqa.selenium.chrome.ChromeDriver
Capabilities {acceptInsecureCerts: false, browserName: chrome, browserVersion: 98.0.4758.102, chrome: {chromedriverVersion: 98.0.4758.102 (273bf7ac8c90..., userDataDir: C:\Users\HARSIM~1\AppData\L...}, goog:chromeOptions: {debuggerAddress: localhost:64192}, javascriptEnabled: true, networkConnectionEnabled: false, pageLoadStrategy: normal, platform: WINDOWS, platformName: WINDOWS, proxy: Proxy(), setWindowRect: true, strictFileInteractability: false, timeouts: {implicit: 0, pageLoad: 300000, script: 30000}, unhandledPromptBehavior: dismiss and notify, webauthn:extension:credBlob: true, webauthn:extension:largeBlob: true, webauthn:virtualAuthenticators: true}
Session ID: d67523cb95e240ee52c92448e3f39d12
*** Element info: {Using=css selector, value=#useremail}
	at sun.reflect.NativeConstructorAccessorImpl.newInstance0(Native Method)
	at sun.reflect.NativeConstructorAccessorImpl.newInstance(NativeConstructorAccessorImpl.java:62)
	at sun.reflect.DelegatingConstructorAccessorImpl.newInstance(DelegatingConstructorAccessorImpl.java:45)
	at java.lang.reflect.Constructor.newInstance(Constructor.java:423)
	at org.openqa.selenium.remote.codec.w3c.W3CHttpResponseCodec.createException(W3CHttpResponseCodec.java:196)
	at org.openqa.selenium.remote.codec.w3c.W3CHttpResponseCodec.decode(W3CHttpResponseCodec.java:129)
	at org.openqa.selenium.remote.codec.w3c.W3CHttpResponseCodec.decode(W3CHttpResponseCodec.java:53)
	at org.openqa.selenium.remote.HttpCommandExecutor.execute(HttpCommandExecutor.java:167)
	at org.openqa.selenium.remote.service.DriverCommandExecutor.execute(DriverCommandExecutor.java:123)
	at org.openqa.selenium.remote.RemoteWebDriver.execute(RemoteWebDriver.java:501)
	at org.openqa.selenium.remote.RemoteWebDriver.findElement(RemoteWebDriver.java:332)
	at org.openqa.selenium.By$ByCssSelector.findElement(By.java:477)
	at org.openqa.selenium.remote.RemoteWebDriver.findElement(RemoteWebDriver.java:312)
	at com.rediff.ddf.base.GenericKeywords.getElement(GenericKeywords.java:163)
	at com.rediff.ddf.base.GenericKeywords.type(GenericKeywords.java:123)
	at com.rediff.ddf.base.ApplicationKeywords.defaultLogin(ApplicationKeywords.java:44)
	at com.rediff.ddf.base.BaseTest.beforeTest(BaseTest.java:65)
	at sun.reflect.NativeMethodAccessorImpl.invoke0(Native Method)
	at sun.reflect.NativeMethodAccessorImpl.invoke(NativeMethodAccessorImpl.java:62)
	at sun.reflect.DelegatingMethodAccessorImpl.invoke(DelegatingMethodAccessorImpl.java:43)
	at java.lang.reflect.Method.invoke(Method.java:498)
	at org.testng.internal.MethodInvocationHelper.invokeMethod(MethodInvocationHelper.java:100)
	at org.testng.internal.Invoker.invokeConfigurationMethod(Invoker.java:515)
	at org.testng.internal.Invoker.invokeConfigurations(Invoker.java:216)
	at org.testng.internal.Invoker.invokeConfigurations(Invoker.java:143)
	at org.testng.TestRunner.beforeRun(TestRunner.java:631)
	at org.testng.TestRunner.run(TestRunner.java:599)
	at org.testng.SuiteRunner.runTest(SuiteRunner.java:368)
	at org.testng.SuiteRunner.runSequentially(SuiteRunner.java:363)
	at org.testng.SuiteRunner.privateRun(SuiteRunner.java:321)
	at org.testng.SuiteRunner.run(SuiteRunner.java:270)
	at org.testng.SuiteRunnerWorker.runSuite(SuiteRunnerWorker.java:52)
	at org.testng.SuiteRunnerWorker.run(SuiteRunnerWorker.java:86)
	at org.testng.TestNG.runSuitesSequentially(TestNG.java:1284)
	at org.testng.TestNG.runSuitesLocally(TestNG.java:1209)
	at org.testng.TestNG.runSuites(TestNG.java:1124)
	at org.testng.TestNG.run(TestNG.java:1096)
	at runner.TestNGRunner.run(TestNGRunner.java:73)
	at runner.JSONRunner.main(JSONRunner.java:101)
]]>
            </full-stacktrace>
          </exception> <!-- org.openqa.selenium.WebDriverException -->
          <reporter-output>
          </reporter-output>
        </test-method> <!-- beforeTest -->
        <test-method status="SKIP" signature="selectPortfolio(org.testng.ITestContext)[pri:0, instance:com.rediff.ddf.newtestcases.PortfolioManagement@3b6eb2ec]" name="selectPortfolio" duration-ms="0" started-at="2022-03-04T08:19:23Z" finished-at="2022-03-04T08:19:23Z">
          <params>
            <param index="0">
              <value>
                <![CDATA[org.testng.TestRunner@2715644a]]>
              </value>
            </param>
          </params>
          <reporter-output>
          </reporter-output>
        </test-method> <!-- selectPortfolio -->
        <test-method status="PASS" signature="beforeMethod(org.testng.ITestContext)[pri:0, instance:com.rediff.ddf.newtestcases.PortfolioManagement@3b6eb2ec]" name="beforeMethod" is-config="true" duration-ms="0" started-at="2022-03-04T08:19:23Z" finished-at="2022-03-04T08:19:23Z">
          <params>
            <param index="0">
              <value>
                <![CDATA[org.testng.TestRunner@2715644a]]>
              </value>
            </param>
          </params>
          <reporter-output>
          </reporter-output>
        </test-method> <!-- beforeMethod -->
        <test-method status="PASS" signature="quit(org.testng.ITestContext)[pri:0, instance:com.rediff.ddf.newtestcases.PortfolioManagement@3b6eb2ec]" name="quit" is-config="true" duration-ms="689" started-at="2022-03-04T08:19:23Z" finished-at="2022-03-04T08:19:23Z">
          <params>
            <param index="0">
              <value>
                <![CDATA[org.testng.TestRunner@2715644a]]>
              </value>
            </param>
          </params>
          <reporter-output>
          </reporter-output>
        </test-method> <!-- quit -->
      </class> <!-- com.rediff.ddf.newtestcases.PortfolioManagement -->
    </test> <!-- Modify Stock-Sell Existing Stock-It.1-Chrome -->
    <test name="Modify Stock-Buy Existing Stock-It.1-Chrome" duration-ms="8611" started-at="2022-03-04T13:19:23Z" finished-at="2022-03-04T13:19:32Z">
      <class name="com.rediff.ddf.newtestcases.StockManagement">
        <test-method status="SKIP" signature="verifyStockPresent(org.testng.ITestContext)[pri:0, instance:com.rediff.ddf.newtestcases.StockManagement@7f63425a]" name="verifyStockPresent" duration-ms="0" started-at="2022-03-04T08:19:30Z" finished-at="2022-03-04T08:19:30Z">
          <params>
            <param index="0">
              <value>
                <![CDATA[org.testng.TestRunner@3fdecce]]>
              </value>
            </param>
          </params>
          <reporter-output>
          </reporter-output>
        </test-method> <!-- verifyStockPresent -->
        <test-method status="PASS" signature="beforeMethod(org.testng.ITestContext)[pri:0, instance:com.rediff.ddf.newtestcases.StockManagement@7f63425a]" name="beforeMethod" is-config="true" duration-ms="0" started-at="2022-03-04T08:19:30Z" finished-at="2022-03-04T08:19:30Z">
          <params>
            <param index="0">
              <value>
                <![CDATA[org.testng.TestRunner@3fdecce]]>
              </value>
            </param>
          </params>
          <reporter-output>
          </reporter-output>
        </test-method> <!-- beforeMethod -->
        <test-method status="SKIP" signature="modifyStock(java.lang.String, org.testng.ITestContext)[pri:0, instance:com.rediff.ddf.newtestcases.StockManagement@7f63425a]" name="modifyStock" duration-ms="1" started-at="2022-03-04T08:19:30Z" finished-at="2022-03-04T08:19:30Z">
          <params>
            <param index="0">
              <value>
                <![CDATA[addstock]]>
              </value>
            </param>
            <param index="1">
              <value>
                <![CDATA[org.testng.TestRunner@3fdecce]]>
              </value>
            </param>
          </params>
          <reporter-output>
          </reporter-output>
        </test-method> <!-- modifyStock -->
        <test-method status="PASS" signature="beforeMethod(org.testng.ITestContext)[pri:0, instance:com.rediff.ddf.newtestcases.StockManagement@7f63425a]" name="beforeMethod" is-config="true" duration-ms="0" started-at="2022-03-04T08:19:30Z" finished-at="2022-03-04T08:19:30Z">
          <params>
            <param index="0">
              <value>
                <![CDATA[org.testng.TestRunner@3fdecce]]>
              </value>
            </param>
          </params>
          <reporter-output>
          </reporter-output>
        </test-method> <!-- beforeMethod -->
        <test-method status="SKIP" signature="verifyStockQuantity(java.lang.String, org.testng.ITestContext)[pri:0, instance:com.rediff.ddf.newtestcases.StockManagement@7f63425a]" name="verifyStockQuantity" duration-ms="0" started-at="2022-03-04T08:19:30Z" finished-at="2022-03-04T08:19:30Z">
          <params>
            <param index="0">
              <value>
                <![CDATA[addstock]]>
              </value>
            </param>
            <param index="1">
              <value>
                <![CDATA[org.testng.TestRunner@3fdecce]]>
              </value>
            </param>
          </params>
          <reporter-output>
          </reporter-output>
        </test-method> <!-- verifyStockQuantity -->
        <test-method status="PASS" signature="beforeMethod(org.testng.ITestContext)[pri:0, instance:com.rediff.ddf.newtestcases.StockManagement@7f63425a]" name="beforeMethod" is-config="true" duration-ms="0" started-at="2022-03-04T08:19:30Z" finished-at="2022-03-04T08:19:30Z">
          <params>
            <param index="0">
              <value>
                <![CDATA[org.testng.TestRunner@3fdecce]]>
              </value>
            </param>
          </params>
          <reporter-output>
          </reporter-output>
        </test-method> <!-- beforeMethod -->
        <test-method status="PASS" signature="beforeMethod(org.testng.ITestContext)[pri:0, instance:com.rediff.ddf.newtestcases.StockManagement@7f63425a]" name="beforeMethod" is-config="true" duration-ms="0" started-at="2022-03-04T08:19:30Z" finished-at="2022-03-04T08:19:30Z">
          <params>
            <param index="0">
              <value>
                <![CDATA[org.testng.TestRunner@3fdecce]]>
              </value>
            </param>
          </params>
          <reporter-output>
          </reporter-output>
        </test-method> <!-- beforeMethod -->
        <test-method status="SKIP" signature="verifyTransactionHistory(java.lang.String, org.testng.ITestContext)[pri:0, instance:com.rediff.ddf.newtestcases.StockManagement@7f63425a]" name="verifyTransactionHistory" duration-ms="0" started-at="2022-03-04T08:19:30Z" finished-at="2022-03-04T08:19:30Z">
          <params>
            <param index="0">
              <value>
                <![CDATA[addstock]]>
              </value>
            </param>
            <param index="1">
              <value>
                <![CDATA[org.testng.TestRunner@3fdecce]]>
              </value>
            </param>
          </params>
          <reporter-output>
          </reporter-output>
        </test-method> <!-- verifyTransactionHistory -->
      </class> <!-- com.rediff.ddf.newtestcases.StockManagement -->
      <class name="com.rediff.ddf.newtestcases.PortfolioManagement">
        <test-method status="FAIL" signature="beforeTest(org.testng.ITestContext)[pri:0, instance:com.rediff.ddf.newtestcases.PortfolioManagement@3f3afe78]" name="beforeTest" is-config="true" duration-ms="0" started-at="2022-03-04T08:19:23Z" finished-at="2022-03-04T08:19:23Z">
          <params>
            <param index="0">
              <value>
                <![CDATA[org.testng.TestRunner@3fdecce]]>
              </value>
            </param>
          </params>
          <exception class="org.openqa.selenium.WebDriverException">
            <message>
              <![CDATA[unknown error: cannot determine loading status
from disconnected: unable to send message to renderer
  (Session info: chrome=98.0.4758.102)
Build info: version: '4.0.0-alpha-7', revision: 'de8579b6d5'
System info: host: 'DESKTOP-TKK5GPG', ip: '192.168.99.1', os.name: 'Windows 10', os.arch: 'amd64', os.version: '10.0', java.version: '1.8.0_101'
Driver info: org.openqa.selenium.chrome.ChromeDriver
Capabilities {acceptInsecureCerts: false, browserName: chrome, browserVersion: 98.0.4758.102, chrome: {chromedriverVersion: 98.0.4758.102 (273bf7ac8c90..., userDataDir: C:\Users\HARSIM~1\AppData\L...}, goog:chromeOptions: {debuggerAddress: localhost:64257}, javascriptEnabled: true, networkConnectionEnabled: false, pageLoadStrategy: normal, platform: WINDOWS, platformName: WINDOWS, proxy: Proxy(), setWindowRect: true, strictFileInteractability: false, timeouts: {implicit: 0, pageLoad: 300000, script: 30000}, unhandledPromptBehavior: dismiss and notify, webauthn:extension:credBlob: true, webauthn:extension:largeBlob: true, webauthn:virtualAuthenticators: true}
Session ID: 8d81803049dd343c363e396c46a62c9f]]>
            </message>
            <full-stacktrace>
              <![CDATA[org.openqa.selenium.WebDriverException: unknown error: cannot determine loading status
from disconnected: unable to send message to renderer
  (Session info: chrome=98.0.4758.102)
Build info: version: '4.0.0-alpha-7', revision: 'de8579b6d5'
System info: host: 'DESKTOP-TKK5GPG', ip: '192.168.99.1', os.name: 'Windows 10', os.arch: 'amd64', os.version: '10.0', java.version: '1.8.0_101'
Driver info: org.openqa.selenium.chrome.ChromeDriver
Capabilities {acceptInsecureCerts: false, browserName: chrome, browserVersion: 98.0.4758.102, chrome: {chromedriverVersion: 98.0.4758.102 (273bf7ac8c90..., userDataDir: C:\Users\HARSIM~1\AppData\L...}, goog:chromeOptions: {debuggerAddress: localhost:64257}, javascriptEnabled: true, networkConnectionEnabled: false, pageLoadStrategy: normal, platform: WINDOWS, platformName: WINDOWS, proxy: Proxy(), setWindowRect: true, strictFileInteractability: false, timeouts: {implicit: 0, pageLoad: 300000, script: 30000}, unhandledPromptBehavior: dismiss and notify, webauthn:extension:credBlob: true, webauthn:extension:largeBlob: true, webauthn:virtualAuthenticators: true}
Session ID: 8d81803049dd343c363e396c46a62c9f
	at sun.reflect.NativeConstructorAccessorImpl.newInstance0(Native Method)
	at sun.reflect.NativeConstructorAccessorImpl.newInstance(NativeConstructorAccessorImpl.java:62)
	at sun.reflect.DelegatingConstructorAccessorImpl.newInstance(DelegatingConstructorAccessorImpl.java:45)
	at java.lang.reflect.Constructor.newInstance(Constructor.java:423)
	at org.openqa.selenium.remote.codec.w3c.W3CHttpResponseCodec.createException(W3CHttpResponseCodec.java:196)
	at org.openqa.selenium.remote.codec.w3c.W3CHttpResponseCodec.decode(W3CHttpResponseCodec.java:129)
	at org.openqa.selenium.remote.codec.w3c.W3CHttpResponseCodec.decode(W3CHttpResponseCodec.java:53)
	at org.openqa.selenium.remote.HttpCommandExecutor.execute(HttpCommandExecutor.java:167)
	at org.openqa.selenium.remote.service.DriverCommandExecutor.execute(DriverCommandExecutor.java:123)
	at org.openqa.selenium.remote.RemoteWebDriver.execute(RemoteWebDriver.java:501)
	at org.openqa.selenium.remote.RemoteWebDriver.get(RemoteWebDriver.java:273)
	at com.rediff.ddf.base.GenericKeywords.navigate(GenericKeywords.java:106)
	at com.rediff.ddf.base.ApplicationKeywords.defaultLogin(ApplicationKeywords.java:39)
	at com.rediff.ddf.base.BaseTest.beforeTest(BaseTest.java:65)
	at sun.reflect.NativeMethodAccessorImpl.invoke0(Native Method)
	at sun.reflect.NativeMethodAccessorImpl.invoke(NativeMethodAccessorImpl.java:62)
	at sun.reflect.DelegatingMethodAccessorImpl.invoke(DelegatingMethodAccessorImpl.java:43)
	at java.lang.reflect.Method.invoke(Method.java:498)
	at org.testng.internal.MethodInvocationHelper.invokeMethod(MethodInvocationHelper.java:100)
	at org.testng.internal.Invoker.invokeConfigurationMethod(Invoker.java:515)
	at org.testng.internal.Invoker.invokeConfigurations(Invoker.java:216)
	at org.testng.internal.Invoker.invokeConfigurations(Invoker.java:143)
	at org.testng.TestRunner.beforeRun(TestRunner.java:631)
	at org.testng.TestRunner.run(TestRunner.java:599)
	at org.testng.SuiteRunner.runTest(SuiteRunner.java:368)
	at org.testng.SuiteRunner.runSequentially(SuiteRunner.java:363)
	at org.testng.SuiteRunner.privateRun(SuiteRunner.java:321)
	at org.testng.SuiteRunner.run(SuiteRunner.java:270)
	at org.testng.SuiteRunnerWorker.runSuite(SuiteRunnerWorker.java:52)
	at org.testng.SuiteRunnerWorker.run(SuiteRunnerWorker.java:86)
	at org.testng.TestNG.runSuitesSequentially(TestNG.java:1284)
	at org.testng.TestNG.runSuitesLocally(TestNG.java:1209)
	at org.testng.TestNG.runSuites(TestNG.java:1124)
	at org.testng.TestNG.run(TestNG.java:1096)
	at runner.TestNGRunner.run(TestNGRunner.java:73)
	at runner.JSONRunner.main(JSONRunner.java:101)
]]>
            </full-stacktrace>
          </exception> <!-- org.openqa.selenium.WebDriverException -->
          <reporter-output>
          </reporter-output>
        </test-method> <!-- beforeTest -->
        <test-method status="SKIP" signature="selectPortfolio(org.testng.ITestContext)[pri:0, instance:com.rediff.ddf.newtestcases.PortfolioManagement@3f3afe78]" name="selectPortfolio" duration-ms="0" started-at="2022-03-04T08:19:30Z" finished-at="2022-03-04T08:19:30Z">
          <params>
            <param index="0">
              <value>
                <![CDATA[org.testng.TestRunner@3fdecce]]>
              </value>
            </param>
          </params>
          <reporter-output>
          </reporter-output>
        </test-method> <!-- selectPortfolio -->
        <test-method status="PASS" signature="beforeMethod(org.testng.ITestContext)[pri:0, instance:com.rediff.ddf.newtestcases.PortfolioManagement@3f3afe78]" name="beforeMethod" is-config="true" duration-ms="0" started-at="2022-03-04T08:19:30Z" finished-at="2022-03-04T08:19:30Z">
          <params>
            <param index="0">
              <value>
                <![CDATA[org.testng.TestRunner@3fdecce]]>
              </value>
            </param>
          </params>
          <reporter-output>
          </reporter-output>
        </test-method> <!-- beforeMethod -->
        <test-method status="PASS" signature="quit(org.testng.ITestContext)[pri:0, instance:com.rediff.ddf.newtestcases.PortfolioManagement@3f3afe78]" name="quit" is-config="true" duration-ms="1564" started-at="2022-03-04T08:19:30Z" finished-at="2022-03-04T08:19:32Z">
          <params>
            <param index="0">
              <value>
                <![CDATA[org.testng.TestRunner@3fdecce]]>
              </value>
            </param>
          </params>
          <reporter-output>
          </reporter-output>
        </test-method> <!-- quit -->
      </class> <!-- com.rediff.ddf.newtestcases.PortfolioManagement -->
    </test> <!-- Modify Stock-Buy Existing Stock-It.1-Chrome -->
    <test name="Modify Stock-Buy Existing Stock-It.2-Chrome" duration-ms="180" started-at="2022-03-04T13:19:32Z" finished-at="2022-03-04T13:19:32Z">
      <class name="com.rediff.ddf.newtestcases.StockManagement">
        <test-method status="SKIP" signature="verifyStockPresent(org.testng.ITestContext)[pri:0, instance:com.rediff.ddf.newtestcases.StockManagement@57829d67]" name="verifyStockPresent" duration-ms="0" started-at="2022-03-04T08:19:32Z" finished-at="2022-03-04T08:19:32Z">
          <params>
            <param index="0">
              <value>
                <![CDATA[org.testng.TestRunner@a52ca2e]]>
              </value>
            </param>
          </params>
          <reporter-output>
          </reporter-output>
        </test-method> <!-- verifyStockPresent -->
        <test-method status="PASS" signature="beforeMethod(org.testng.ITestContext)[pri:0, instance:com.rediff.ddf.newtestcases.StockManagement@57829d67]" name="beforeMethod" is-config="true" duration-ms="0" started-at="2022-03-04T08:19:32Z" finished-at="2022-03-04T08:19:32Z">
          <params>
            <param index="0">
              <value>
                <![CDATA[org.testng.TestRunner@a52ca2e]]>
              </value>
            </param>
          </params>
          <reporter-output>
          </reporter-output>
        </test-method> <!-- beforeMethod -->
        <test-method status="PASS" signature="beforeMethod(org.testng.ITestContext)[pri:0, instance:com.rediff.ddf.newtestcases.StockManagement@57829d67]" name="beforeMethod" is-config="true" duration-ms="145" started-at="2022-03-04T08:19:32Z" finished-at="2022-03-04T08:19:32Z">
          <params>
            <param index="0">
              <value>
                <![CDATA[org.testng.TestRunner@a52ca2e]]>
              </value>
            </param>
          </params>
          <reporter-output>
          </reporter-output>
        </test-method> <!-- beforeMethod -->
        <test-method status="SKIP" signature="modifyStock(java.lang.String, org.testng.ITestContext)[pri:0, instance:com.rediff.ddf.newtestcases.StockManagement@57829d67]" name="modifyStock" duration-ms="1" started-at="2022-03-04T08:19:32Z" finished-at="2022-03-04T08:19:32Z">
          <params>
            <param index="0">
              <value>
                <![CDATA[addstock]]>
              </value>
            </param>
            <param index="1">
              <value>
                <![CDATA[org.testng.TestRunner@a52ca2e]]>
              </value>
            </param>
          </params>
          <reporter-output>
          </reporter-output>
        </test-method> <!-- modifyStock -->
        <test-method status="PASS" signature="beforeMethod(org.testng.ITestContext)[pri:0, instance:com.rediff.ddf.newtestcases.StockManagement@57829d67]" name="beforeMethod" is-config="true" duration-ms="0" started-at="2022-03-04T08:19:32Z" finished-at="2022-03-04T08:19:32Z">
          <params>
            <param index="0">
              <value>
                <![CDATA[org.testng.TestRunner@a52ca2e]]>
              </value>
            </param>
          </params>
          <reporter-output>
          </reporter-output>
        </test-method> <!-- beforeMethod -->
        <test-method status="SKIP" signature="verifyStockQuantity(java.lang.String, org.testng.ITestContext)[pri:0, instance:com.rediff.ddf.newtestcases.StockManagement@57829d67]" name="verifyStockQuantity" duration-ms="0" started-at="2022-03-04T08:19:32Z" finished-at="2022-03-04T08:19:32Z">
          <params>
            <param index="0">
              <value>
                <![CDATA[addstock]]>
              </value>
            </param>
            <param index="1">
              <value>
                <![CDATA[org.testng.TestRunner@a52ca2e]]>
              </value>
            </param>
          </params>
          <reporter-output>
          </reporter-output>
        </test-method> <!-- verifyStockQuantity -->
        <test-method status="PASS" signature="beforeMethod(org.testng.ITestContext)[pri:0, instance:com.rediff.ddf.newtestcases.StockManagement@57829d67]" name="beforeMethod" is-config="true" duration-ms="0" started-at="2022-03-04T08:19:32Z" finished-at="2022-03-04T08:19:32Z">
          <params>
            <param index="0">
              <value>
                <![CDATA[org.testng.TestRunner@a52ca2e]]>
              </value>
            </param>
          </params>
          <reporter-output>
          </reporter-output>
        </test-method> <!-- beforeMethod -->
        <test-method status="SKIP" signature="verifyTransactionHistory(java.lang.String, org.testng.ITestContext)[pri:0, instance:com.rediff.ddf.newtestcases.StockManagement@57829d67]" name="verifyTransactionHistory" duration-ms="0" started-at="2022-03-04T08:19:32Z" finished-at="2022-03-04T08:19:32Z">
          <params>
            <param index="0">
              <value>
                <![CDATA[addstock]]>
              </value>
            </param>
            <param index="1">
              <value>
                <![CDATA[org.testng.TestRunner@a52ca2e]]>
              </value>
            </param>
          </params>
          <reporter-output>
          </reporter-output>
        </test-method> <!-- verifyTransactionHistory -->
      </class> <!-- com.rediff.ddf.newtestcases.StockManagement -->
      <class name="com.rediff.ddf.newtestcases.PortfolioManagement">
        <test-method status="SKIP" signature="beforeTest(org.testng.ITestContext)[pri:0, instance:com.rediff.ddf.newtestcases.PortfolioManagement@5b464ce8]" name="beforeTest" is-config="true" duration-ms="0" started-at="2022-03-04T08:19:32Z" finished-at="2022-03-04T08:19:32Z">
          <params>
            <param index="0">
              <value>
                <![CDATA[org.testng.TestRunner@a52ca2e]]>
              </value>
            </param>
          </params>
          <exception class="org.testng.SkipException">
            <message>
              <![CDATA[Skipping as runmod is N]]>
            </message>
            <full-stacktrace>
              <![CDATA[org.testng.SkipException: Skipping as runmod is N
	at com.rediff.ddf.base.BaseTest.beforeTest(BaseTest.java:58)
	at sun.reflect.NativeMethodAccessorImpl.invoke0(Native Method)
	at sun.reflect.NativeMethodAccessorImpl.invoke(NativeMethodAccessorImpl.java:62)
	at sun.reflect.DelegatingMethodAccessorImpl.invoke(DelegatingMethodAccessorImpl.java:43)
	at java.lang.reflect.Method.invoke(Method.java:498)
	at org.testng.internal.MethodInvocationHelper.invokeMethod(MethodInvocationHelper.java:100)
	at org.testng.internal.Invoker.invokeConfigurationMethod(Invoker.java:515)
	at org.testng.internal.Invoker.invokeConfigurations(Invoker.java:216)
	at org.testng.internal.Invoker.invokeConfigurations(Invoker.java:143)
	at org.testng.TestRunner.beforeRun(TestRunner.java:631)
	at org.testng.TestRunner.run(TestRunner.java:599)
	at org.testng.SuiteRunner.runTest(SuiteRunner.java:368)
	at org.testng.SuiteRunner.runSequentially(SuiteRunner.java:363)
	at org.testng.SuiteRunner.privateRun(SuiteRunner.java:321)
	at org.testng.SuiteRunner.run(SuiteRunner.java:270)
	at org.testng.SuiteRunnerWorker.runSuite(SuiteRunnerWorker.java:52)
	at org.testng.SuiteRunnerWorker.run(SuiteRunnerWorker.java:86)
	at org.testng.TestNG.runSuitesSequentially(TestNG.java:1284)
	at org.testng.TestNG.runSuitesLocally(TestNG.java:1209)
	at org.testng.TestNG.runSuites(TestNG.java:1124)
	at org.testng.TestNG.run(TestNG.java:1096)
	at runner.TestNGRunner.run(TestNGRunner.java:73)
	at runner.JSONRunner.main(JSONRunner.java:101)
]]>
            </full-stacktrace>
          </exception> <!-- org.testng.SkipException -->
          <reporter-output>
          </reporter-output>
        </test-method> <!-- beforeTest -->
        <test-method status="PASS" signature="beforeMethod(org.testng.ITestContext)[pri:0, instance:com.rediff.ddf.newtestcases.PortfolioManagement@5b464ce8]" name="beforeMethod" is-config="true" duration-ms="1" started-at="2022-03-04T08:19:32Z" finished-at="2022-03-04T08:19:32Z">
          <params>
            <param index="0">
              <value>
                <![CDATA[org.testng.TestRunner@a52ca2e]]>
              </value>
            </param>
          </params>
          <reporter-output>
          </reporter-output>
        </test-method> <!-- beforeMethod -->
        <test-method status="SKIP" signature="selectPortfolio(org.testng.ITestContext)[pri:0, instance:com.rediff.ddf.newtestcases.PortfolioManagement@5b464ce8]" name="selectPortfolio" duration-ms="0" started-at="2022-03-04T08:19:32Z" finished-at="2022-03-04T08:19:32Z">
          <params>
            <param index="0">
              <value>
                <![CDATA[org.testng.TestRunner@a52ca2e]]>
              </value>
            </param>
          </params>
          <reporter-output>
          </reporter-output>
        </test-method> <!-- selectPortfolio -->
        <test-method status="PASS" signature="quit(org.testng.ITestContext)[pri:0, instance:com.rediff.ddf.newtestcases.PortfolioManagement@5b464ce8]" name="quit" is-config="true" duration-ms="18" started-at="2022-03-04T08:19:32Z" finished-at="2022-03-04T08:19:32Z">
          <params>
            <param index="0">
              <value>
                <![CDATA[org.testng.TestRunner@a52ca2e]]>
              </value>
            </param>
          </params>
          <reporter-output>
          </reporter-output>
        </test-method> <!-- quit -->
      </class> <!-- com.rediff.ddf.newtestcases.PortfolioManagement -->
    </test> <!-- Modify Stock-Buy Existing Stock-It.2-Chrome -->
  </suite> <!-- Stock Suite -->
</testng-results>
