<?xml version="1.0" encoding="UTF-8"?>
<!-- Generated by org.testng.reporters.JUnitReportReporter -->
<testsuite skipped="4" hostname="DESKTOP-TKK5GPG" name="com.rediff.ddf.newtestcases.PortfolioManagement" tests="6" failures="0" timestamp="2021-10-27T09:59:16 EDT" time="25.813" errors="2">
  <testcase name="beforeTest" time="14.337" classname="com.rediff.ddf.newtestcases.PortfolioManagement">
    <error type="java.lang.IllegalArgumentException" message="Cannot find elements when the selector is null">
      <![CDATA[java.lang.IllegalArgumentException: Cannot find elements when the selector is null
at org.openqa.selenium.By$ByCssSelector.<init>(By.java:469)
at org.openqa.selenium.By.cssSelector(By.java:115)
at com.rediff.ddf.base.GenericKeywords.getLocator(GenericKeywords.java:210)
at com.rediff.ddf.base.GenericKeywords.getElement(GenericKeywords.java:169)
at com.rediff.ddf.base.GenericKeywords.type(GenericKeywords.java:128)
at com.rediff.ddf.base.ApplicationKeywords.defaultLogin(ApplicationKeywords.java:42)
at com.rediff.ddf.base.BaseTest.beforeTest(BaseTest.java:74)
at sun.reflect.NativeMethodAccessorImpl.invoke0(Native Method)
at sun.reflect.NativeMethodAccessorImpl.invoke(NativeMethodAccessorImpl.java:62)
at sun.reflect.DelegatingMethodAccessorImpl.invoke(DelegatingMethodAccessorImpl.java:43)
at java.lang.reflect.Method.invoke(Method.java:498)
at org.testng.internal.MethodInvocationHelper.invokeMethod(MethodInvocationHelper.java:133)
at org.testng.internal.MethodInvocationHelper.invokeMethodConsideringTimeout(MethodInvocationHelper.java:62)
at org.testng.internal.ConfigInvoker.invokeConfigurationMethod(ConfigInvoker.java:385)
at org.testng.internal.ConfigInvoker.invokeConfigurations(ConfigInvoker.java:321)
at org.testng.TestRunner.invokeTestConfigurations(TestRunner.java:637)
at org.testng.TestRunner.beforeRun(TestRunner.java:627)
at org.testng.TestRunner.run(TestRunner.java:589)
at org.testng.SuiteRunner.runTest(SuiteRunner.java:377)
at org.testng.SuiteRunner.runSequentially(SuiteRunner.java:371)
at org.testng.SuiteRunner.privateRun(SuiteRunner.java:332)
at org.testng.SuiteRunner.run(SuiteRunner.java:276)
at org.testng.SuiteRunnerWorker.runSuite(SuiteRunnerWorker.java:53)
at org.testng.SuiteRunnerWorker.run(SuiteRunnerWorker.java:96)
at org.testng.TestNG.runSuitesSequentially(TestNG.java:1212)
at org.testng.TestNG.runSuitesLocally(TestNG.java:1134)
at org.testng.TestNG.runSuites(TestNG.java:1063)
at org.testng.TestNG.run(TestNG.java:1031)
at runner.TestNGRunner.run(TestNGRunner.java:79)
at runner.JSONRunner.main(JSONRunner.java:152)
at org.codehaus.mojo.exec.ExecJavaMojo$1.run(ExecJavaMojo.java:254)
at java.lang.Thread.run(Thread.java:745)
]]>
    </error>
  </testcase> <!-- beforeTest -->
  <system-out/>
  <testcase name="createPortfolio" time="0.000" classname="com.rediff.ddf.newtestcases.PortfolioManagement">
    <skipped/>
  </testcase> <!-- createPortfolio -->
  <system-out/>
  <testcase name="deletePortfolio" time="0.001" classname="com.rediff.ddf.newtestcases.PortfolioManagement">
    <skipped/>
  </testcase> <!-- deletePortfolio -->
  <system-out/>
  <testcase name="deletePortfolio" time="0.001" classname="com.rediff.ddf.newtestcases.PortfolioManagement">
    <skipped/>
  </testcase> <!-- deletePortfolio -->
  <system-out/>
  <testcase name="beforeTest" time="11.474" classname="com.rediff.ddf.newtestcases.PortfolioManagement">
    <error type="java.lang.IllegalArgumentException" message="Cannot find elements when the selector is null">
      <![CDATA[java.lang.IllegalArgumentException: Cannot find elements when the selector is null
at org.openqa.selenium.By$ByCssSelector.<init>(By.java:469)
at org.openqa.selenium.By.cssSelector(By.java:115)
at com.rediff.ddf.base.GenericKeywords.getLocator(GenericKeywords.java:210)
at com.rediff.ddf.base.GenericKeywords.getElement(GenericKeywords.java:169)
at com.rediff.ddf.base.GenericKeywords.type(GenericKeywords.java:128)
at com.rediff.ddf.base.ApplicationKeywords.defaultLogin(ApplicationKeywords.java:42)
at com.rediff.ddf.base.BaseTest.beforeTest(BaseTest.java:74)
at sun.reflect.NativeMethodAccessorImpl.invoke0(Native Method)
at sun.reflect.NativeMethodAccessorImpl.invoke(NativeMethodAccessorImpl.java:62)
at sun.reflect.DelegatingMethodAccessorImpl.invoke(DelegatingMethodAccessorImpl.java:43)
at java.lang.reflect.Method.invoke(Method.java:498)
at org.testng.internal.MethodInvocationHelper.invokeMethod(MethodInvocationHelper.java:133)
at org.testng.internal.MethodInvocationHelper.invokeMethodConsideringTimeout(MethodInvocationHelper.java:62)
at org.testng.internal.ConfigInvoker.invokeConfigurationMethod(ConfigInvoker.java:385)
at org.testng.internal.ConfigInvoker.invokeConfigurations(ConfigInvoker.java:321)
at org.testng.TestRunner.invokeTestConfigurations(TestRunner.java:637)
at org.testng.TestRunner.beforeRun(TestRunner.java:627)
at org.testng.TestRunner.run(TestRunner.java:589)
at org.testng.SuiteRunner.runTest(SuiteRunner.java:377)
at org.testng.SuiteRunner.runSequentially(SuiteRunner.java:371)
at org.testng.SuiteRunner.privateRun(SuiteRunner.java:332)
at org.testng.SuiteRunner.run(SuiteRunner.java:276)
at org.testng.SuiteRunnerWorker.runSuite(SuiteRunnerWorker.java:53)
at org.testng.SuiteRunnerWorker.run(SuiteRunnerWorker.java:96)
at org.testng.TestNG.runSuitesSequentially(TestNG.java:1212)
at org.testng.TestNG.runSuitesLocally(TestNG.java:1134)
at org.testng.TestNG.runSuites(TestNG.java:1063)
at org.testng.TestNG.run(TestNG.java:1031)
at runner.TestNGRunner.run(TestNGRunner.java:79)
at runner.JSONRunner.main(JSONRunner.java:152)
at org.codehaus.mojo.exec.ExecJavaMojo$1.run(ExecJavaMojo.java:254)
at java.lang.Thread.run(Thread.java:745)
]]>
    </error>
  </testcase> <!-- beforeTest -->
  <system-out/>
  <testcase name="createPortfolio" time="0.000" classname="com.rediff.ddf.newtestcases.PortfolioManagement">
    <skipped/>
  </testcase> <!-- createPortfolio -->
  <system-out/>
</testsuite> <!-- com.rediff.ddf.newtestcases.PortfolioManagement -->
